0 info it worked if it ends with ok
1 verbose cli [ '/usr/local/bin/node', '/usr/local/bin/npm', 'publish' ]
2 info using npm@1.4.14
3 info using node@v0.11.14-pre
4 verbose publish [ '.' ]
5 verbose cache add [ '.', null ]
6 verbose cache add name=undefined spec="." args=[".",null]
7 verbose parsed url { protocol: null,
7 verbose parsed url   slashes: null,
7 verbose parsed url   auth: null,
7 verbose parsed url   host: null,
7 verbose parsed url   port: null,
7 verbose parsed url   hostname: null,
7 verbose parsed url   hash: null,
7 verbose parsed url   search: null,
7 verbose parsed url   query: null,
7 verbose parsed url   pathname: '.',
7 verbose parsed url   path: '.',
7 verbose parsed url   href: '.' }
8 silly lockFile 3a52ce78- .
9 verbose lock . /home/nathan/.npm/3a52ce78-.lock
10 verbose tar pack [ '/home/nathan/.npm/filePath/0.0.1/package.tgz', '.' ]
11 verbose tarball /home/nathan/.npm/filePath/0.0.1/package.tgz
12 verbose folder .
13 info prepublish filePath@0.0.1
14 silly lockFile 1f1177db-tar tar://.
15 verbose lock tar://. /home/nathan/.npm/1f1177db-tar.lock
16 silly lockFile 854e781e-n-npm-filePath-0-0-1-package-tgz tar:///home/nathan/.npm/filePath/0.0.1/package.tgz
17 verbose lock tar:///home/nathan/.npm/filePath/0.0.1/package.tgz /home/nathan/.npm/854e781e-n-npm-filePath-0-0-1-package-tgz.lock
18 silly lockFile 1f1177db-tar tar://.
19 silly lockFile 1f1177db-tar tar://.
20 silly lockFile 854e781e-n-npm-filePath-0-0-1-package-tgz tar:///home/nathan/.npm/filePath/0.0.1/package.tgz
21 silly lockFile 854e781e-n-npm-filePath-0-0-1-package-tgz tar:///home/nathan/.npm/filePath/0.0.1/package.tgz
22 silly lockFile b655b77b-athan-npm-filePath-0-0-1-package /home/nathan/.npm/filePath/0.0.1/package
23 verbose lock /home/nathan/.npm/filePath/0.0.1/package /home/nathan/.npm/b655b77b-athan-npm-filePath-0-0-1-package.lock
24 silly lockFile b655b77b-athan-npm-filePath-0-0-1-package /home/nathan/.npm/filePath/0.0.1/package
25 silly lockFile b655b77b-athan-npm-filePath-0-0-1-package /home/nathan/.npm/filePath/0.0.1/package
26 silly lockFile 3a52ce78- .
27 silly lockFile 3a52ce78- .
28 silly publish { name: 'filePath',
28 silly publish   version: '0.0.1',
28 silly publish   description: 'node.js file path utils for the browser and node.js',
28 silly publish   repository:
28 silly publish    { type: 'git',
28 silly publish      url: 'https://github.com/nathanfaucett/filePath.git' },
28 silly publish   main: 'src/index.js',
28 silly publish   keywords: [ 'path', 'path.js', 'filePath', 'filePath.js' ],
28 silly publish   author: { name: 'Nathan Faucett' },
28 silly publish   license: 'BSD-2-Clause',
28 silly publish   readmeFilename: 'README.md',
28 silly publish   devDependencies: { grunt: '', 'grunt-jsbeautifier': '' },
28 silly publish   readme: 'filePath\n=======\n\nnode.js file path utils for the browser and node.js',
28 silly publish   gitHead: '64233cfcc2949da11cb15d8ff2ec9f6a42f0221b',
28 silly publish   bugs: { url: 'https://github.com/nathanfaucett/filePath/issues' },
28 silly publish   homepage: 'https://github.com/nathanfaucett/filePath',
28 silly publish   _id: 'filePath@0.0.1',
28 silly publish   scripts: {},
28 silly publish   _shasum: 'ea78fe5fdc5eedb0aba37d4c734e039b3094b83d',
28 silly publish   _from: '.' }
29 verbose url raw filePath
30 verbose url resolving [ 'https://registry.npmjs.org/', './filePath' ]
31 verbose url resolved https://registry.npmjs.org/filePath
32 info trying registry request attempt 1 at 18:11:10
33 http PUT https://registry.npmjs.org/filePath
34 http 403 https://registry.npmjs.org/filePath
35 verbose headers { date: 'Sat, 12 Jul 2014 23:11:10 GMT',
35 verbose headers   server: 'CouchDB/1.5.0 (Erlang OTP/R14B04)',
35 verbose headers   'content-type': 'application/json',
35 verbose headers   'cache-control': 'max-age=30',
35 verbose headers   'content-length': '76',
35 verbose headers   'accept-ranges': 'bytes',
35 verbose headers   via: '1.1 varnish',
35 verbose headers   'x-served-by': 'cache-at52-ATL',
35 verbose headers   'x-cache': 'MISS',
35 verbose headers   'x-cache-hits': '0',
35 verbose headers   'x-timer': 'S1405206670.392008,VS0,VE290',
35 verbose headers   connection: 'close' }
36 error publish Failed PUT 403
37 error Error: forbidden New packages must have all-lowercase names: filePath
37 error     at RegClient.<anonymous> (/usr/local/lib/node_modules/npm/node_modules/npm-registry-client/lib/request.js:274:14)
37 error     at Request._callback (/usr/local/lib/node_modules/npm/node_modules/npm-registry-client/lib/request.js:212:65)
37 error     at Request.self.callback (/usr/local/lib/node_modules/npm/node_modules/request/request.js:123:22)
37 error     at Request.emit (events.js:110:17)
37 error     at Request.<anonymous> (/usr/local/lib/node_modules/npm/node_modules/request/request.js:893:14)
37 error     at Request.emit (events.js:129:20)
37 error     at IncomingMessage.<anonymous> (/usr/local/lib/node_modules/npm/node_modules/request/request.js:844:12)
37 error     at IncomingMessage.emit (events.js:129:20)
37 error     at _stream_readable.js:901:16
37 error     at process._tickCallback (node.js:343:11)
38 error If you need help, you may report this *entire* log,
38 error including the npm and node versions, at:
38 error     <http://github.com/npm/npm/issues>
39 error System Linux 3.5.0-18-generic
40 error command "/usr/local/bin/node" "/usr/local/bin/npm" "publish"
41 error cwd /var/www/html5/node/filePath
42 error node -v v0.11.14-pre
43 error npm -v 1.4.14
44 verbose exit [ 1, true ]
